Determining if the pthread_create exist failed with the following output:
Change Dir: /home/raj/lnt_ws/build/CMakeFiles/CMakeTmp

Run Build Command:"/usr/bin/make" "cmTC_a7f82/fast"
/usr/bin/make -f CMakeFiles/cmTC_a7f82.dir/build.make CMakeFiles/cmTC_a7f82.dir/build
make[1]: Entering directory `/home/raj/lnt_ws/build/CMakeFiles/CMakeTmp'
Building C object CMakeFiles/cmTC_a7f82.dir/CheckSymbolExists.c.o
/usr/bin/cc    -o CMakeFiles/cmTC_a7f82.dir/CheckSymbolExists.c.o   -c /home/raj/lnt_ws/build/CMakeFiles/CMakeTmp/CheckSymbolExists.c
Linking C executable cmTC_a7f82
/usr/local/bin/cmake -E cmake_link_script CMakeFiles/cmTC_a7f82.dir/link.txt --verbose=1
/usr/bin/cc      -rdynamic CMakeFiles/cmTC_a7f82.dir/CheckSymbolExists.c.o  -o cmTC_a7f82 
CMakeFiles/cmTC_a7f82.dir/CheckSymbolExists.c.o: In function `main':
CheckSymbolExists.c:(.text+0xa): undefined reference to `pthread_create'
collect2: error: ld returned 1 exit status
make[1]: *** [cmTC_a7f82] Error 1
make[1]: Leaving directory `/home/raj/lnt_ws/build/CMakeFiles/CMakeTmp'
make: *** [cmTC_a7f82/fast] Error 2

File /home/raj/lnt_ws/build/CMakeFiles/CMakeTmp/CheckSymbolExists.c:
/* */
#include <pthread.h>

int main(int argc, char** argv)
{
  (void)argv;
#ifndef pthread_create
  return ((int*)(&pthread_create))[argc];
#else
  (void)argc;
  return 0;
#endif
}

Determining if the function pthread_create exists in the pthreads failed with the following output:
Change Dir: /home/raj/lnt_ws/build/CMakeFiles/CMakeTmp

Run Build Command:"/usr/bin/make" "cmTC_f59ba/fast"
/usr/bin/make -f CMakeFiles/cmTC_f59ba.dir/build.make CMakeFiles/cmTC_f59ba.dir/build
make[1]: Entering directory `/home/raj/lnt_ws/build/CMakeFiles/CMakeTmp'
Building C object CMakeFiles/cmTC_f59ba.dir/CheckFunctionExists.c.o
/usr/bin/cc   -DCHECK_FUNCTION_EXISTS=pthread_create   -o CMakeFiles/cmTC_f59ba.dir/CheckFunctionExists.c.o   -c /usr/local/share/cmake-3.9/Modules/CheckFunctionExists.c
Linking C executable cmTC_f59ba
/usr/local/bin/cmake -E cmake_link_script CMakeFiles/cmTC_f59ba.dir/link.txt --verbose=1
/usr/bin/cc  -DCHECK_FUNCTION_EXISTS=pthread_create    -rdynamic CMakeFiles/cmTC_f59ba.dir/CheckFunctionExists.c.o  -o cmTC_f59ba -lpthreads 
/usr/bin/ld: cannot find -lpthreads
collect2: error: ld returned 1 exit status
make[1]: *** [cmTC_f59ba] Error 1
make[1]: Leaving directory `/home/raj/lnt_ws/build/CMakeFiles/CMakeTmp'
make: *** [cmTC_f59ba/fast] Error 2


